# JRE version: Java(TM) SE Runtime Environment (8.0_141-b15) (build 1.8.0_141-b15)
# Java VM: Java HotSpot(TM) 64-Bit Server VM (25.141-b15 mixed mode windows-amd64 compressed oops)
Heap:
 PSYoungGen      total 374272K, used 27536K [0x000000076ae00000, 0x0000000787600000, 0x00000007c0000000)
  eden space 354816K, 2% used [0x000000076ae00000,0x000000076b8122d0,0x0000000780880000)
  from space 19456K, 88% used [0x0000000781d80000,0x0000000782e51dc0,0x0000000783080000)
  to   space 21504K, 0% used [0x0000000780880000,0x0000000780880000,0x0000000781d80000)
 ParOldGen       total 138752K, used 22132K [0x00000006c0a00000, 0x00000006c9180000, 0x000000076ae00000)
  object space 138752K, 15% used [0x00000006c0a00000,0x00000006c1f9d320,0x00000006c9180000)
 Metaspace       used 45819K, capacity 47632K, committed 47744K, reserved 1091584K
  class space    used 6118K, capacity 6497K, committed 6528K, reserved 1048576K
GC Heap History (10 events):
Event: 1.428 GC heap before
{Heap before GC invocations=4 (full 1):
 PSYoungGen      total 141824K, used 5497K [0x000000076ae00000, 0x000000077c300000, 0x00000007c0000000)
  eden space 131072K, 0% used [0x000000076ae00000,0x000000076ae00000,0x0000000772e00000)
  from space 10752K, 51% used [0x0000000772e00000,0x000000077335e4c8,0x0000000773880000)
  to   space 10752K, 0% used [0x000000077b880000,0x000000077b880000,0x000000077c300000)
 ParOldGen       total 175104K, used 16K [0x00000006c0a00000, 0x00000006cb500000, 0x000000076ae00000)
  object space 175104K, 0% used [0x00000006c0a00000,0x00000006c0a04000,0x00000006cb500000)
 Metaspace       used 20597K, capacity 21240K, committed 21296K, reserved 1067008K
  class space    used 2728K, capacity 2916K, committed 2944K, reserved 1048576K
Event: 1.504 GC heap after
Heap after GC invocations=4 (full 1):
 PSYoungGen      total 141824K, used 0K [0x000000076ae00000, 0x000000077c300000, 0x00000007c0000000)
  eden space 131072K, 0% used [0x000000076ae00000,0x000000076ae00000,0x0000000772e00000)
  from space 10752K, 0% used [0x0000000772e00000,0x0000000772e00000,0x0000000773880000)
  to   space 10752K, 0% used [0x000000077b880000,0x000000077b880000,0x000000077c300000)
 ParOldGen       total 89088K, used 5415K [0x00000006c0a00000, 0x00000006c6100000, 0x000000076ae00000)
  object space 89088K, 6% used [0x00000006c0a00000,0x00000006c0f49e10,0x00000006c6100000)
 Metaspace       used 20597K, capacity 21240K, committed 21296K, reserved 1067008K
  class space    used 2728K, capacity 2916K, committed 2944K, reserved 1048576K
}
Event: 2.228 GC heap before
{Heap before GC invocations=5 (full 1):
 PSYoungGen      total 141824K, used 131072K [0x000000076ae00000, 0x000000077c300000, 0x00000007c0000000)
  eden space 131072K, 100% used [0x000000076ae00000,0x0000000772e00000,0x0000000772e00000)
  from space 10752K, 0% used [0x0000000772e00000,0x0000000772e00000,0x0000000773880000)
  to   space 10752K, 0% used [0x000000077b880000,0x000000077b880000,0x000000077c300000)
 ParOldGen       total 89088K, used 5415K [0x00000006c0a00000, 0x00000006c6100000, 0x000000076ae00000)
  object space 89088K, 6% used [0x00000006c0a00000,0x00000006c0f49e10,0x00000006c6100000)
 Metaspace       used 27377K, capacity 28218K, committed 28544K, reserved 1073152K
  class space    used 3638K, capacity 3857K, committed 3968K, reserved 1048576K
Event: 2.235 GC heap after
Heap after GC invocations=5 (full 1):
 PSYoungGen      total 230912K, used 10731K [0x000000076ae00000, 0x000000077c300000, 0x00000007c0000000)
  eden space 220160K, 0% used [0x000000076ae00000,0x000000076ae00000,0x0000000778500000)
  from space 10752K, 99% used [0x000000077b880000,0x000000077c2faef8,0x000000077c300000)
  to   space 10752K, 0% used [0x000000077ae00000,0x000000077ae00000,0x000000077b880000)
 ParOldGen       total 89088K, used 8002K [0x00000006c0a00000, 0x00000006c6100000, 0x000000076ae00000)
  object space 89088K, 8% used [0x00000006c0a00000,0x00000006c11d09f8,0x00000006c6100000)
 Metaspace       used 27377K, capacity 28218K, committed 28544K, reserved 1073152K
  class space    used 3638K, capacity 3857K, committed 3968K, reserved 1048576K
}
Event: 3.210 GC heap before
{Heap before GC invocations=6 (full 1):
 PSYoungGen      total 230912K, used 180272K [0x000000076ae00000, 0x000000077c300000, 0x00000007c0000000)
  eden space 220160K, 77% used [0x000000076ae00000,0x00000007753911d8,0x0000000778500000)
  from space 10752K, 99% used [0x000000077b880000,0x000000077c2faef8,0x000000077c300000)
  to   space 10752K, 0% used [0x000000077ae00000,0x000000077ae00000,0x000000077b880000)
 ParOldGen       total 89088K, used 8002K [0x00000006c0a00000, 0x00000006c6100000, 0x000000076ae00000)
  object space 89088K, 8% used [0x00000006c0a00000,0x00000006c11d09f8,0x00000006c6100000)
 Metaspace       used 33941K, capacity 35332K, committed 35456K, reserved 1079296K
  class space    used 4406K, capacity 4716K, committed 4736K, reserved 1048576K
Event: 3.221 GC heap after
Heap after GC invocations=6 (full 1):
 PSYoungGen      total 272896K, used 10747K [0x000000076ae00000, 0x0000000783080000, 0x00000007c0000000)
  eden space 262144K, 0% used [0x000000076ae00000,0x000000076ae00000,0x000000077ae00000)
  from space 10752K, 99% used [0x000000077ae00000,0x000000077b87edc8,0x000000077b880000)
  to   space 19456K, 0% used [0x0000000781d80000,0x0000000781d80000,0x0000000783080000)
 ParOldGen       total 89088K, used 14572K [0x00000006c0a00000, 0x00000006c6100000, 0x000000076ae00000)
  object space 89088K, 16% used [0x00000006c0a00000,0x00000006c183b3b0,0x00000006c6100000)
 Metaspace       used 33941K, capacity 35332K, committed 35456K, reserved 1079296K
  class space    used 4406K, capacity 4716K, committed 4736K, reserved 1048576K
}
Event: 3.221 GC heap before
{Heap before GC invocations=7 (full 2):
 PSYoungGen      total 272896K, used 10747K [0x000000076ae00000, 0x0000000783080000, 0x00000007c0000000)
  eden space 262144K, 0% used [0x000000076ae00000,0x000000076ae00000,0x000000077ae00000)
  from space 10752K, 99% used [0x000000077ae00000,0x000000077b87edc8,0x000000077b880000)
  to   space 19456K, 0% used [0x0000000781d80000,0x0000000781d80000,0x0000000783080000)
 ParOldGen       total 89088K, used 14572K [0x00000006c0a00000, 0x00000006c6100000, 0x000000076ae00000)
  object space 89088K, 16% used [0x00000006c0a00000,0x00000006c183b3b0,0x00000006c6100000)
 Metaspace       used 33941K, capacity 35332K, committed 35456K, reserved 1079296K
  class space    used 4406K, capacity 4716K, committed 4736K, reserved 1048576K
Event: 3.273 GC heap after
Heap after GC invocations=7 (full 2):
 PSYoungGen      total 272896K, used 0K [0x000000076ae00000, 0x0000000783080000, 0x00000007c0000000)
  eden space 262144K, 0% used [0x000000076ae00000,0x000000076ae00000,0x000000077ae00000)
  from space 10752K, 0% used [0x000000077ae00000,0x000000077ae00000,0x000000077b880000)
  to   space 19456K, 0% used [0x0000000781d80000,0x0000000781d80000,0x0000000783080000)
 ParOldGen       total 138752K, used 22124K [0x00000006c0a00000, 0x00000006c9180000, 0x000000076ae00000)
  object space 138752K, 15% used [0x00000006c0a00000,0x00000006c1f9b320,0x00000006c9180000)
 Metaspace       used 33941K, capacity 35332K, committed 35456K, reserved 1079296K
  class space    used 4406K, capacity 4716K, committed 4736K, reserved 1048576K
}
Event: 5.201 GC heap before
{Heap before GC invocations=8 (full 2):
 PSYoungGen      total 272896K, used 262144K [0x000000076ae00000, 0x0000000783080000, 0x00000007c0000000)
  eden space 262144K, 100% used [0x000000076ae00000,0x000000077ae00000,0x000000077ae00000)
  from space 10752K, 0% used [0x000000077ae00000,0x000000077ae00000,0x000000077b880000)
  to   space 19456K, 0% used [0x0000000781d80000,0x0000000781d80000,0x0000000783080000)
 ParOldGen       total 138752K, used 22124K [0x00000006c0a00000, 0x00000006c9180000, 0x000000076ae00000)
  object space 138752K, 15% used [0x00000006c0a00000,0x00000006c1f9b320,0x00000006c9180000)
 Metaspace       used 45767K, capacity 47552K, committed 47744K, reserved 1091584K
  class space    used 6109K, capacity 6457K, committed 6528K, reserved 1048576K
Event: 5.217 GC heap after
Heap after GC invocations=8 (full 2):
 PSYoungGen      total 374272K, used 17223K [0x000000076ae00000, 0x0000000787600000, 0x00000007c0000000)
  eden space 354816K, 0% used [0x000000076ae00000,0x000000076ae00000,0x0000000780880000)
  from space 19456K, 88% used [0x0000000781d80000,0x0000000782e51dc0,0x0000000783080000)
  to   space 21504K, 0% used [0x0000000780880000,0x0000000780880000,0x0000000781d80000)
 ParOldGen       total 138752K, used 22132K [0x00000006c0a00000, 0x00000006c9180000, 0x000000076ae00000)
  object space 138752K, 15% used [0x00000006c0a00000,0x00000006c1f9d320,0x00000006c9180000)
 Metaspace       used 45767K, capacity 47552K, committed 47744K, reserved 1091584K
  class space    used 6109K, capacity 6457K, committed 6528K, reserved 1048576K
}

